1708929647695:help
1708929660889:quit
1708930110587:help
1708930120932:minimum-free-disk-space
1708930127569:quit
1708930355222:help
1708930363107:free-disk-space
1708930367786:quit
1708931979035:help
1708931982907:quit
1708932408574:help
1708937710248:quit
1708937754977:show-photo code
1708937783767:show-photo code.
1708937809401:show-photo code
1708940968403:quit
1708949567178:help
1708949767837:upload-photo 'C:/Users/USER/Documents/image.jpg'
1708949920881:quit
1708949940878:upload-photo 'C:/Users/USER/Documents/image.jpg'
1708950144360:quit
1708950152247:upload-photo 'C:/Users/USER/Documents/image.jpg'
